2024-11-22 11:44:57,430 - INFO - User selected API keys: ['X']
2024-11-22 11:44:57,432 - DEBUG - POST http://localhost:64512/session/41940e2a473f7e020bd21a27695c598b/url {'url': 'https://www.simcompanies.com/signin/'}
2024-11-22 11:45:04,477 - DEBUG - http://localhost:64512 "POST /session/41940e2a473f7e020bd21a27695c598b/url HTTP/11" 200 0
2024-11-22 11:45:04,478 - DEBUG - Remote response: status=200 | data={"value":null} | headers=HTTPHeaderDict({'Content-Length': '14', 'Content-Type': 'application/json; charset=utf-8', 'cache-control': 'no-cache'})
2024-11-22 11:45:04,478 - DEBUG - Finished Request
2024-11-22 11:45:09,484 - DEBUG - POST http://localhost:64512/session/41940e2a473f7e020bd21a27695c598b/url {'url': 'https://www.simcompanies.com/signin/'}
2024-11-22 11:45:10,785 - DEBUG - http://localhost:64512 "POST /session/41940e2a473f7e020bd21a27695c598b/url HTTP/11" 200 0
2024-11-22 11:45:10,785 - DEBUG - Remote response: status=200 | data={"value":null} | headers=HTTPHeaderDict({'Content-Length': '14', 'Content-Type': 'application/json; charset=utf-8', 'cache-control': 'no-cache'})
2024-11-22 11:45:10,785 - DEBUG - Finished Request
2024-11-22 11:45:15,791 - DEBUG - POST http://localhost:64512/session/41940e2a473f7e020bd21a27695c598b/element {'using': 'xpath', 'value': '//input[@name="email"]'}
2024-11-22 11:45:15,810 - DEBUG - http://localhost:64512 "POST /session/41940e2a473f7e020bd21a27695c598b/element HTTP/11" 200 0
2024-11-22 11:45:15,810 - DEBUG - Remote response: status=200 | data={"value":{"element-6066-11e4-a52e-4f735466cecf":"f.EAAAE95AD6E170CB999A177498B01CD5.d.E98583A29A11E55E36478582572C4D9C.e.74"}} | headers=HTTPHeaderDict({'Content-Length': '126', 'Content-Type': 'application/json; charset=utf-8', 'cache-control': 'no-cache'})
2024-11-22 11:45:15,810 - DEBUG - Finished Request
2024-11-22 11:45:15,810 - DEBUG - POST http://localhost:64512/session/41940e2a473f7e020bd21a27695c598b/element {'using': 'xpath', 'value': '//input[@name="password"]'}
2024-11-22 11:45:15,819 - DEBUG - http://localhost:64512 "POST /session/41940e2a473f7e020bd21a27695c598b/element HTTP/11" 200 0
2024-11-22 11:45:15,819 - DEBUG - Remote response: status=200 | data={"value":{"element-6066-11e4-a52e-4f735466cecf":"f.EAAAE95AD6E170CB999A177498B01CD5.d.E98583A29A11E55E36478582572C4D9C.e.76"}} | headers=HTTPHeaderDict({'Content-Length': '126', 'Content-Type': 'application/json; charset=utf-8', 'cache-control': 'no-cache'})
2024-11-22 11:45:15,819 - DEBUG - Finished Request
2024-11-22 11:45:15,820 - DEBUG - POST http://localhost:64512/session/41940e2a473f7e020bd21a27695c598b/element/f.EAAAE95AD6E170CB999A177498B01CD5.d.E98583A29A11E55E36478582572C4D9C.e.74/value {'text': 'dualvectorfoil.42@gmail.com', 'value': ['d', 'u', 'a', 'l', 'v', 'e', 'c', 't', 'o', 'r', 'f', 'o', 'i', 'l', '.', '4', '2', '@', 'g', 'm', 'a', 'i', 'l', '.', 'c', 'o', 'm']}
2024-11-22 11:45:15,958 - DEBUG - http://localhost:64512 "POST /session/41940e2a473f7e020bd21a27695c598b/element/f.EAAAE95AD6E170CB999A177498B01CD5.d.E98583A29A11E55E36478582572C4D9C.e.74/value HTTP/11" 200 0
2024-11-22 11:45:15,958 - DEBUG - Remote response: status=200 | data={"value":null} | headers=HTTPHeaderDict({'Content-Length': '14', 'Content-Type': 'application/json; charset=utf-8', 'cache-control': 'no-cache'})
2024-11-22 11:45:15,958 - DEBUG - Finished Request
2024-11-22 11:45:15,958 - DEBUG - POST http://localhost:64512/session/41940e2a473f7e020bd21a27695c598b/element/f.EAAAE95AD6E170CB999A177498B01CD5.d.E98583A29A11E55E36478582572C4D9C.e.76/value {'text': 'rocjun-4sizxo-wiqMyc', 'value': ['r', 'o', 'c', 'j', 'u', 'n', '-', '4', 's', 'i', 'z', 'x', 'o', '-', 'w', 'i', 'q', 'M', 'y', 'c']}
2024-11-22 11:45:16,004 - DEBUG - http://localhost:64512 "POST /session/41940e2a473f7e020bd21a27695c598b/element/f.EAAAE95AD6E170CB999A177498B01CD5.d.E98583A29A11E55E36478582572C4D9C.e.76/value HTTP/11" 200 0
2024-11-22 11:45:16,004 - DEBUG - Remote response: status=200 | data={"value":null} | headers=HTTPHeaderDict({'Content-Length': '14', 'Content-Type': 'application/json; charset=utf-8', 'cache-control': 'no-cache'})
2024-11-22 11:45:16,004 - DEBUG - Finished Request
2024-11-22 11:45:16,004 - DEBUG - POST http://localhost:64512/session/41940e2a473f7e020bd21a27695c598b/element/f.EAAAE95AD6E170CB999A177498B01CD5.d.E98583A29A11E55E36478582572C4D9C.e.76/value {'text': '\ue006', 'value': ['\ue006']}
2024-11-22 11:45:16,023 - DEBUG - http://localhost:64512 "POST /session/41940e2a473f7e020bd21a27695c598b/element/f.EAAAE95AD6E170CB999A177498B01CD5.d.E98583A29A11E55E36478582572C4D9C.e.76/value HTTP/11" 200 0
2024-11-22 11:45:16,023 - DEBUG - Remote response: status=200 | data={"value":null} | headers=HTTPHeaderDict({'Content-Length': '14', 'Content-Type': 'application/json; charset=utf-8', 'cache-control': 'no-cache'})
2024-11-22 11:45:16,023 - DEBUG - Finished Request
2024-11-22 11:45:26,026 - DEBUG - GET http://localhost:64512/session/41940e2a473f7e020bd21a27695c598b/cookie {}
2024-11-22 11:45:26,042 - DEBUG - http://localhost:64512 "GET /session/41940e2a473f7e020bd21a27695c598b/cookie HTTP/11" 200 0
2024-11-22 11:45:26,042 - DEBUG - Remote response: status=200 | data={"value":[{"domain":".simcompanies.com","expiry":1766796317,"httpOnly":false,"name":"_ga","path":"/","sameSite":"Lax","secure":false,"value":"GA1.2.231387290.1732236300"},{"domain":"www.simcompanies.com","expiry":1733445920,"httpOnly":true,"name":"sessionid","path":"/","sameSite":"Lax","secure":false,"value":".eJxVjs1ug0AMhN9lryXI9v7CrX2G3pHZ3YQqhEQsqEqivnsdWintxZLnG3vmrjpel6FbS567j6RaZRARQlDVX9JzPObpgS8jX_Nc6gerX2W8_aJ__oHLIOaccmJyln0fEsTQgCjeRELvwUKgDE3KrsHAeg-u9xDBiD_FfWRtvDz9yduqUUNAWlcqnk8Xnq6baMg26O1T7ObM42ljUKmt0lKki9yaHeKO6B2gNbZFV1tvpMiL7ADPrJGnw8qHLEe3QeSRyyJfP8_zUbXoNZF2mqCGr2-XAGC1:1tEHnU:bu49fXoWyKlk15B1cuUZiqck_tq8H_Jm4Oheji0xMTg"},{"domain":".simcompanies.com","expiry":1766796317,"httpOnly":false,"name":"_ga_L9BF2VH0YN","path":"/","sameSite":"Lax","secure":false,"value":"GS1.1.1732236300.1.1.1732236317.0.0.0"},{"domain":".simcompanies.com","expiry":1732236360,"httpOnly":false,"name":"_gat_UA-71659254-1","path":"/","sameSite":"Lax","secure":false,"value":"1"},{"domain":".simcompanies.com","expiry":1732322717,"httpOnly":false,"name":"_gid","path":"/","sameSite":"Lax","secure":false,"value":"GA1.2.854327071.1732236301"},{"domain":".simcompanies.com","expiry":1766796317,"httpOnly":false,"name":"amplitude_id_a5727e4f9af6d8d768c9cfcbf0f98594simcompanies.com","path":"/","sameSite":"Lax","secure":false,"value":"eyJkZXZpY2VJZCI6IjBkY2VlNDI5LWNiZmUtNDNjOC1iMDg1LTcxNTMxYmM2YzhlN1IiLCJ1c2VySWQiOm51bGwsIm9wdE91dCI6ZmFsc2UsInNlc3Npb25JZCI6MTczMjIzNjI5OTQ1MSwibGFzdEV2ZW50VGltZSI6MTczMjIzNjMxNzM3MCwiZXZlbnRJZCI6MCwiaWRlbnRpZnlJZCI6MCwic2VxdWVuY2VOdW1iZXIiOjB9"},{"domain":"www.simcompanies.com","expiry":1763685917,"httpOnly":false,"name":"csrftoken","path":"/","sameSite":"Lax","secure":false,"value":"viSJjHROi7AnhVs7jQz7jPpO8I8fcR2Mmzomjp1jJVwQLGXrkZajezbnnFlQ1jD8"},{"domain":".simcompanies.com","expiry":1740012317,"httpOnly":false,"name":"_fbp","path":"/","sameSite":"Lax","secure":false,"value":"fb.1.1732236299667.972328800749260893"}]} | headers=HTTPHeaderDict({'Content-Length': '1969', 'Content-Type': 'application/json; charset=utf-8', 'cache-control': 'no-cache'})
2024-11-22 11:45:26,042 - DEBUG - Finished Request
2024-11-22 11:45:26,042 - DEBUG - Session acquired: {'_ga': 'GA1.2.231387290.1732236300', 'sessionid': '.eJxVjs1ug0AMhN9lryXI9v7CrX2G3pHZ3YQqhEQsqEqivnsdWintxZLnG3vmrjpel6FbS567j6RaZRARQlDVX9JzPObpgS8jX_Nc6gerX2W8_aJ__oHLIOaccmJyln0fEsTQgCjeRELvwUKgDE3KrsHAeg-u9xDBiD_FfWRtvDz9yduqUUNAWlcqnk8Xnq6baMg26O1T7ObM42ljUKmt0lKki9yaHeKO6B2gNbZFV1tvpMiL7ADPrJGnw8qHLEe3QeSRyyJfP8_zUbXoNZF2mqCGr2-XAGC1:1tEHnU:bu49fXoWyKlk15B1cuUZiqck_tq8H_Jm4Oheji0xMTg', '_ga_L9BF2VH0YN': 'GS1.1.1732236300.1.1.1732236317.0.0.0', '_gat_UA-71659254-1': '1', '_gid': 'GA1.2.854327071.1732236301', 'amplitude_id_a5727e4f9af6d8d768c9cfcbf0f98594simcompanies.com': 'eyJkZXZpY2VJZCI6IjBkY2VlNDI5LWNiZmUtNDNjOC1iMDg1LTcxNTMxYmM2YzhlN1IiLCJ1c2VySWQiOm51bGwsIm9wdE91dCI6ZmFsc2UsInNlc3Npb25JZCI6MTczMjIzNjI5OTQ1MSwibGFzdEV2ZW50VGltZSI6MTczMjIzNjMxNzM3MCwiZXZlbnRJZCI6MCwiaWRlbnRpZnlJZCI6MCwic2VxdWVuY2VOdW1iZXIiOjB9', 'csrftoken': 'viSJjHROi7AnhVs7jQz7jPpO8I8fcR2Mmzomjp1jJVwQLGXrkZajezbnnFlQ1jD8', '_fbp': 'fb.1.1732236299667.972328800749260893'}
2024-11-22 11:45:26,042 - INFO - 开始循环
2024-11-22 11:45:26,042 - INFO - Processing API key: X with URL: https://www.simcompanies.com/api/v2/chatroom/X/
2024-11-22 11:45:26,047 - DEBUG - Starting new HTTPS connection (1): www.simcompanies.com:443
2024-11-22 11:45:27,472 - DEBUG - https://www.simcompanies.com:443 "GET /api/v2/chatroom/X/ HTTP/11" 200 None
2024-11-22 11:45:27,507 - DEBUG - Starting new HTTPS connection (1): www.simcompanies.com:443
2024-11-22 11:45:28,350 - DEBUG - https://www.simcompanies.com:443 "GET /api/v2/chatroom/X/ HTTP/11" 200 None
2024-11-22 11:45:28,366 - INFO - 数据检索成功: X
